<?xml version="1.0" encoding="UTF-8"?>
<testsuite xmlns:xsi="http://www.w3.org/2001/XMLSchema-instance" xsi:noNamespaceSchemaLocation="https://maven.apache.org/surefire/maven-surefire-plugin/xsd/surefire-test-report-3.0.xsd" version="3.0" name="jcg.zheng.demo.junit5.SomeClassTest" time="0.274" tests="10" errors="0" skipped="0" failures="0">
  <properties>
    <property name="sun.desktop" value="windows"/>
    <property name="awt.toolkit" value="sun.awt.windows.WToolkit"/>
    <property name="java.specification.version" value="11"/>
    <property name="sun.cpu.isalist" value="amd64"/>
    <property name="sun.jnu.encoding" value="Cp1252"/>
    <property name="java.class.path" value="C:\MaryZheng\Workspaces\junit-demo\junit5-demo\target\test-classes;C:\MaryZheng\Workspaces\junit-demo\junit5-demo\target\classes;C:\MaryZheng\Workspaces\junit-demo\common\target\classes;C:\Repo\org\junit\jupiter\junit-jupiter-engine\5.5.2\junit-jupiter-engine-5.5.2.jar;C:\Repo\org\apiguardian\apiguardian-api\1.1.0\apiguardian-api-1.1.0.jar;C:\Repo\org\junit\platform\junit-platform-engine\1.5.2\junit-platform-engine-1.5.2.jar;C:\Repo\org\junit\jupiter\junit-jupiter-api\5.5.2\junit-jupiter-api-5.5.2.jar;C:\Repo\org\opentest4j\opentest4j\1.2.0\opentest4j-1.2.0.jar;C:\Repo\org\junit\platform\junit-platform-commons\1.5.2\junit-platform-commons-1.5.2.jar;"/>
    <property name="java.vm.vendor" value="Oracle Corporation"/>
    <property name="sun.arch.data.model" value="64"/>
    <property name="user.variant" value=""/>
    <property name="java.vendor.url" value="http://java.oracle.com/"/>
    <property name="user.timezone" value="America/Chicago"/>
    <property name="java.vm.specification.version" value="11"/>
    <property name="os.name" value="Windows 10"/>
    <property name="sun.java.launcher" value="SUN_STANDARD"/>
    <property name="user.country" value="US"/>
    <property name="sun.boot.library.path" value="C:\MaryZheng\DevTools\Java\JDK11\bin"/>
    <property name="sun.java.command" value="C:\Windows\Temp\surefire5228673603126365552\surefirebooter11483826216275101897.jar C:\Windows\Temp\surefire5228673603126365552 2020-03-30T21-39-59_972-jvmRun1 surefire1780430931499353612tmp surefire_117773686897576477962tmp"/>
    <property name="jdk.debug" value="release"/>
    <property name="surefire.test.class.path" value="C:\MaryZheng\Workspaces\junit-demo\junit5-demo\target\test-classes;C:\MaryZheng\Workspaces\junit-demo\junit5-demo\target\classes;C:\MaryZheng\Workspaces\junit-demo\common\target\classes;C:\Repo\org\junit\jupiter\junit-jupiter-engine\5.5.2\junit-jupiter-engine-5.5.2.jar;C:\Repo\org\apiguardian\apiguardian-api\1.1.0\apiguardian-api-1.1.0.jar;C:\Repo\org\junit\platform\junit-platform-engine\1.5.2\junit-platform-engine-1.5.2.jar;C:\Repo\org\junit\jupiter\junit-jupiter-api\5.5.2\junit-jupiter-api-5.5.2.jar;C:\Repo\org\opentest4j\opentest4j\1.2.0\opentest4j-1.2.0.jar;C:\Repo\org\junit\platform\junit-platform-commons\1.5.2\junit-platform-commons-1.5.2.jar;"/>
    <property name="sun.cpu.endian" value="little"/>
    <property name="user.home" value="C:\Users\aa00765"/>
    <property name="user.language" value="en"/>
    <property name="java.specification.vendor" value="Oracle Corporation"/>
    <property name="java.version.date" value="2019-01-15"/>
    <property name="java.home" value="C:\MaryZheng\DevTools\Java\JDK11"/>
    <property name="file.separator" value="\"/>
    <property name="basedir" value="C:\MaryZheng\Workspaces\junit-demo\junit5-demo"/>
    <property name="java.vm.compressedOopsMode" value="32-bit"/>
    <property name="line.separator" value="&#10;"/>
    <property name="java.specification.name" value="Java Platform API Specification"/>
    <property name="java.vm.specification.vendor" value="Oracle Corporation"/>
    <property name="java.awt.graphicsenv" value="sun.awt.Win32GraphicsEnvironment"/>
    <property name="surefire.real.class.path" value="C:\Windows\Temp\surefire5228673603126365552\surefirebooter11483826216275101897.jar"/>
    <property name="user.script" value=""/>
    <property name="sun.management.compiler" value="HotSpot 64-Bit Tiered Compilers"/>
    <property name="java.runtime.version" value="11.0.2+9-LTS"/>
    <property name="user.name" value="aa00765"/>
    <property name="path.separator" value=";"/>
    <property name="os.version" value="10.0"/>
    <property name="java.runtime.name" value="Java(TM) SE Runtime Environment"/>
    <property name="file.encoding" value="Cp1252"/>
    <property name="java.vm.name" value="Java HotSpot(TM) 64-Bit Server VM"/>
    <property name="java.vendor.version" value="18.9"/>
    <property name="localRepository" value="C:\Repo"/>
    <property name="java.vendor.url.bug" value="http://bugreport.java.com/bugreport/"/>
    <property name="java.io.tmpdir" value="C:\Windows\Temp\"/>
    <property name="java.version" value="11.0.2"/>
    <property name="user.dir" value="C:\MaryZheng\Workspaces\junit-demo\junit5-demo"/>
    <property name="os.arch" value="amd64"/>
    <property name="java.vm.specification.name" value="Java Virtual Machine Specification"/>
    <property name="java.awt.printerjob" value="sun.awt.windows.WPrinterJob"/>
    <property name="sun.os.patch.level" value=""/>
    <property name="java.library.path" value="C:\MaryZheng\DevTools\Java\JDK11\bin;C:\WINDOWS\Sun\Java\bin;C:\WINDOWS\system32;C:\WINDOWS;C:\MaryZheng\DevTools\Maven\apache-maven-3.6.0\bin;C:\MaryZheng\DevTools\Java\JDK11\bin;C:\Oracle\product\11.2.0.1.2;C:\Oracle\product\11.2.0.1.2\bin;C:\Program Files (x86)\Common Files\Oracle\Java\javapath;C:\WINDOWS\system32;C:\WINDOWS;C:\WINDOWS\System32\Wbem;C:\WINDOWS\System32\WindowsPowerShell\v1.0\;C:\WINDOWS\System32\OpenSSH\;C:\Program Files (x86)\Microsoft Application Virtualization Client;C:\MaryZheng\DevTools\Ant\apache-ant-1.6.5\bin;C:\MaryZheng\DevTools\Java\JDK8\bin;C:\MaryZheng\DevTools\Maven\apache-maven-3.6.0\bin;C:\MaryZheng\DevTools\GitExtensions\;C:\MaryZheng\DevTools\Ant\apache-ant-1.6.5\bin;;C:\MaryZheng\DevTools\OpenSSH\bin;C:\Users\aa00765\AppData\Local\Microsoft\WindowsApps;;;."/>
    <property name="java.vendor" value="Oracle Corporation"/>
    <property name="java.vm.info" value="mixed mode"/>
    <property name="java.vm.version" value="11.0.2+9-LTS"/>
    <property name="sun.io.unicode.encoding" value="UnicodeLittle"/>
    <property name="java.class.version" value="55.0"/>
  </properties>
  <testcase name="test_voidFoo" classname="jcg.zheng.demo.junit5.SomeClassTest" time="0.076"/>
  <testcase name="test_returnBooleanFoo_false" classname="jcg.zheng.demo.junit5.SomeClassTest" time="0.008"/>
  <testcase name="test_voidFoo_exception" classname="jcg.zheng.demo.junit5.SomeClassTest" time="0.018"/>
  <testcase name="test_doubleANumber[1]" classname="jcg.zheng.demo.junit5.SomeClassTest" time="0.006"/>
  <testcase name="test_doubleANumber[2]" classname="jcg.zheng.demo.junit5.SomeClassTest" time="0"/>
  <testcase name="test_doubleANumber[3]" classname="jcg.zheng.demo.junit5.SomeClassTest" time="0.012"/>
  <testcase name="test_doubleANumber[4]" classname="jcg.zheng.demo.junit5.SomeClassTest" time="0"/>
  <testcase name="test_doubleANumber[5]" classname="jcg.zheng.demo.junit5.SomeClassTest" time="0.014"/>
  <testcase name="test_timeout" classname="jcg.zheng.demo.junit5.SomeClassTest" time="0.006"/>
  <testcase name="test_returnBooleanFoo_true" classname="jcg.zheng.demo.junit5.SomeClassTest" time="0.036"/>
</testsuite>